2020-11-09 11:12:03, Info                  [0x000000] SCANSTATE.EXE Version 10.0.19041[gle=0x000000b7]
2020-11-09 11:12:03, Info                  [0x000000] USMT Started at 2020/11/09:11:12:03.760
2020-11-09 11:12:03, Info                  [0x000000] Command line: D:\TeacherMigrationTool\USMT\amd64\scanstate.exe D:\TeacherMigrationTool\MigratedData /o /ue:rusd\teacher
2020-11-09 11:12:03, Info                  [0x000000] Starting the migration process
﻿2020-11-09 11:12:03, Warning               [0x080405] AdjustPrivilege: AdjustTokenPrivileges failed (Error:0x514)
2020-11-09 11:12:06, Info                  [0x000000] Host system information:
                                   OS version: 10.0.18363
                                   Architecture: x64
                                   Manufacturer: Dell Inc.
                                   Model : Latitude 5410
                                   AoAc (connected standby) : Yes
                                   BIOS name : 1.0.0
                                   BIOS version : 1.0.0
                                   BIOS release date : 20200305000000.000000+000
                                   Total memory : 8589934592
                                   Processor manufacturer : GenuineIntel
                                   Processor name : Intel(R) Core(TM) i5-10210U CPU @ 1.60GHz
                                   Processor caption : Intel64 Family 6 Model 142 Stepping 12
                                   Processor architecture : (null)
                                   Processor clock : 2112

2020-11-09 11:12:06, Info                  [0x000000] System information:
                                   Computer name: RUSD-HP7FY33
                                   Machine SID: S-1-5-21-180282615-1358973715-2478133734
                                   OS version: 10.0.18363
                                   Language: en-US
                                   Architecture: 64-bit

                                   Drives:
                                     D: Type: Removable
                                     C: Type: Fixed, Bus type: NVMe, Hotplug: No

                                   Users:
                                     RUSD-HP7FY33\DefaultAccount, administrator: No, interactive: No, logged on: No, has profile: No
                                     RUSD\mccabeno, administrator: No, interactive: Yes, logged on: No, has profile: Yes
                                     RUSD-HP7FY33\WDAGUtilityAccount, administrator: No, interactive: No, logged on: No, has profile: No
                                     RUSD-HP7FY33\Administrator, administrator: Yes, interactive: Yes, logged on: Yes, has profile: Yes
                                     RUSD\dashoffma, administrator: Yes, interactive: Yes, logged on: No, has profile: Yes
                                     RUSD-HP7FY33\teacher, administrator: Yes, interactive: Yes, logged on: No, has profile: No
                                     RUSD-HP7FY33\install, administrator: Yes, interactive: Yes, logged on: No, has profile: No
                                     RUSD\teacher, administrator: No, interactive: Yes, logged on: No, has profile: Yes
                                     RUSD-HP7FY33\Guest, administrator: No, interactive: Yes, logged on: No, has profile: No
                                     RUSD\belmontero, administrator: Yes, interactive: Yes, logged on: No, has profile: Yes


2020-11-09 11:12:07, Info                  [0x000000] Processing the settings store
2020-11-09 11:12:07, Info                  [0x000000] Examining the system to discover the migration units
[gle=0x000000b7]
2020-11-09 11:12:08, Warning               [0x08092b] CSIAgent: Duplicate manifest identity exists http://www.microsoft.com/migration/1.0/migxmlext/cmi/Microsoft-Windows-Win32k-Settings
2020-11-09 11:12:09, Warning               [0x08092b] CSIAgent: Duplicate manifest identity exists http://www.microsoft.com/migration/1.0/migxmlext/cmi/Microsoft-Windows-MUI-Settings
2020-11-09 11:12:12, Warning               [0x08092b] CSIAgent: Duplicate manifest identity exists http://www.microsoft.com/migration/1.0/migxmlext/cmi/WindowsSearchEngine
2020-11-09 11:12:13, Warning               [0x08092b] CSIAgent: Duplicate manifest identity exists http://www.microsoft.com/migration/1.0/migxmlext/cmi/Microsoft-Windows-TerminalServices-RemoteConnectionManager
2020-11-09 11:12:14, Warning               [0x08092b] CSIAgent: Duplicate manifest identity exists http://www.microsoft.com/migration/1.0/migxmlext/cmi/Microsoft-Windows-International-TimeZones
2020-11-09 11:12:14, Error                 [0x0808ff] COutOfProcPluginFactory::CreateInstance: m_currentHostSurrogate->LoadDllServer(D:\TeacherMigrationTool\USMT\amd64\ReplacementManifests\Printing-LocalPrinting-Replacement\APMonPortMig.dll, {4BC43F3F-308E-4DB9-B53B-7A31C5F9D5BD}, 0) failed, hr=[0x80070003].
2020-11-09 11:12:14, Warning               [0x080386] Failure while instantiating IDiscovery for Plugin={ServerPath="Printing-LocalPrinting-Replacement\APMonPortMig.dll", CLSID={4BC43F3F-308E-4DB9-B53B-7A31C5F9D5BD}, ThreadingModel=Apartment}. Error: 0x80070003
2020-11-09 11:12:14, Error                 [0x080387] Failure while calling IDiscovery->Discover for Plugin={ServerPath="Printing-LocalPrinting-Replacement\APMonPortMig.dll", CLSID={4BC43F3F-308E-4DB9-B53B-7A31C5F9D5BD}, ThreadingModel=Apartment}. Error: 0x80070003
2020-11-09 11:12:14, Error                 [0x0808ff] COutOfProcPluginFactory::CreateInstance: m_currentHostSurrogate->LoadDllServer(D:\TeacherMigrationTool\USMT\amd64\ReplacementManifests\Printing-LocalPrinting-Replacement\UsbPortMig.dll, {658668ED-A031-4DDF-AF66-0F6A9BCCACD8}, 0) failed, hr=[0x80070003].
2020-11-09 11:12:14, Warning               [0x080386] Failure while instantiating IDiscovery for Plugin={ServerPath="Printing-LocalPrinting-Replacement\UsbPortMig.dll", CLSID={658668ED-A031-4DDF-AF66-0F6A9BCCACD8}, ThreadingModel=Apartment}. Error: 0x80070003
2020-11-09 11:12:14, Error                 [0x080387] Failure while calling IDiscovery->Discover for Plugin={ServerPath="Printing-LocalPrinting-Replacement\UsbPortMig.dll", CLSID={658668ED-A031-4DDF-AF66-0F6A9BCCACD8}, ThreadingModel=Apartment}. Error: 0x80070003
2020-11-09 11:12:14, Error                 [0x0808ff] COutOfProcPluginFactory::CreateInstance: m_currentHostSurrogate->LoadDllServer(D:\TeacherMigrationTool\USMT\amd64\ReplacementManifests\Printing-LocalPrinting-Replacement\APMonPortMig.dll, {4BC43F3F-308E-4DB9-B53B-7A31C5F9D5BD}, 0) failed, hr=[0x80070003].
2020-11-09 11:12:14, Warning               [0x080386] Failure while instantiating IDiscovery for Plugin={ServerPath="Printing-LocalPrinting-Replacement\APMonPortMig.dll", CLSID={4BC43F3F-308E-4DB9-B53B-7A31C5F9D5BD}, ThreadingModel=Apartment}. Error: 0x80070003
2020-11-09 11:12:14, Error                 [0x0808ff] COutOfProcPluginFactory::CreateInstance: m_currentHostSurrogate->LoadDllServer(D:\TeacherMigrationTool\USMT\amd64\ReplacementManifests\Printing-LocalPrinting-Replacement\UsbPortMig.dll, {658668ED-A031-4DDF-AF66-0F6A9BCCACD8}, 0) failed, hr=[0x80070003].
2020-11-09 11:12:14, Warning               [0x080386] Failure while instantiating IDiscovery for Plugin={ServerPath="Printing-LocalPrinting-Replacement\UsbPortMig.dll", CLSID={658668ED-A031-4DDF-AF66-0F6A9BCCACD8}, ThreadingModel=Apartment}. Error: 0x80070003
2020-11-09 11:12:14, Warning               [0x08092b] CSIAgent: Duplicate manifest identity exists http://www.microsoft.com/migration/1.0/migxmlext/cmi/Microsoft-Windows-Shell-Sounds
2020-11-09 11:12:14, Warning               [0x08092b] CSIAgent: Duplicate manifest identity exists http://www.microsoft.com/migration/1.0/migxmlext/cmi/Microsoft-Windows-sysdm
2020-11-09 11:12:14, Warning               [0x08092b] CSIAgent: Duplicate manifest identity exists http://www.microsoft.com/migration/1.0/migxmlext/cmi/Microsoft-Windows-Runtime-Windows-Media
2020-11-09 11:12:14, Warning               [0x08092b] CSIAgent: Duplicate manifest identity exists http://www.microsoft.com/migration/1.0/migxmlext/cmi/Microsoft-Windows-X509CertificateEnrollment
2020-11-09 11:12:14, Warning               [0x08092b] CSIAgent: Duplicate manifest identity exists http://www.microsoft.com/migration/1.0/migxmlext/cmi/Microsoft-Windows-WinMDE
2020-11-09 11:12:14, Warning               [0x08092b] CSIAgent: Duplicate manifest identity exists http://www.microsoft.com/migration/1.0/migxmlext/cmi/Microsoft-Windows-MFSrcSnk
2020-11-09 11:12:14, Warning               [0x08092b] CSIAgent: Duplicate manifest identity exists http://www.microsoft.com/migration/1.0/migxmlext/cmi/Microsoft-Windows-MFMPEG2SrcSnk
2020-11-09 11:12:14, Warning               [0x08092b] CSIAgent: Duplicate manifest identity exists http://www.microsoft.com/migration/1.0/migxmlext/cmi/Microsoft-Windows-Profsvc
2020-11-09 11:12:14, Warning               [0x08092b] CSIAgent: Duplicate manifest identity exists http://www.microsoft.com/migration/1.0/migxmlext/cmi/Microsoft-Windows-eudcedit
2020-11-09 11:12:14, Warning               [0x08092b] CSIAgent: Duplicate manifest identity exists http://www.microsoft.com/migration/1.0/migxmlext/cmi/Microsoft-Windows-mmsys
2020-11-09 11:12:14, Warning               [0x08092b] CSIAgent: Duplicate manifest identity exists http://www.microsoft.com/migration/1.0/migxmlext/cmi/Microsoft-Windows-Rights-Management-Client-v1-API
2020-11-09 11:12:14, Warning               [0x08092b] CSIAgent: Duplicate manifest identity exists http://www.microsoft.com/migration/1.0/migxmlext/cmi/Microsoft-Windows-MSMPEG2VDEC
2020-11-09 11:12:14, Warning               [0x08092b] CSIAgent: Duplicate manifest identity exists http://www.microsoft.com/migration/1.0/migxmlext/cmi/Microsoft-Windows-SystemMaintenanceService
2020-11-09 11:12:15, Error                 [0x0808ff] COutOfProcPluginFactory::CreateInstance: m_currentHostSurrogate->LoadDllServer(D:\TeacherMigrationTool\USMT\amd64\ReplacementManifests\Printing-LocalPrinting-Replacement\APMonPortMig.dll, {4BC43F3F-308E-4DB9-B53B-7A31C5F9D5BD}, 0) failed, hr=[0x80070003].
2020-11-09 11:12:15, Warning               [0x080386] Failure while instantiating IDiscovery for Plugin={ServerPath="Printing-LocalPrinting-Replacement\APMonPortMig.dll", CLSID={4BC43F3F-308E-4DB9-B53B-7A31C5F9D5BD}, ThreadingModel=Apartment}. Error: 0x80070003
2020-11-09 11:12:15, Error                 [0x0808ff] COutOfProcPluginFactory::CreateInstance: m_currentHostSurrogate->LoadDllServer(D:\TeacherMigrationTool\USMT\amd64\ReplacementManifests\Printing-LocalPrinting-Replacement\UsbPortMig.dll, {658668ED-A031-4DDF-AF66-0F6A9BCCACD8}, 0) failed, hr=[0x80070003].
2020-11-09 11:12:15, Warning               [0x080386] Failure while instantiating IDiscovery for Plugin={ServerPath="Printing-LocalPrinting-Replacement\UsbPortMig.dll", CLSID={658668ED-A031-4DDF-AF66-0F6A9BCCACD8}, ThreadingModel=Apartment}. Error: 0x80070003
2020-11-09 11:12:15, Error                 [0x0808ff] COutOfProcPluginFactory::CreateInstance: m_currentHostSurrogate->LoadDllServer(D:\TeacherMigrationTool\USMT\amd64\ReplacementManifests\Printing-LocalPrinting-Replacement\APMonPortMig.dll, {4BC43F3F-308E-4DB9-B53B-7A31C5F9D5BD}, 0) failed, hr=[0x80070003].
2020-11-09 11:12:15, Warning               [0x080386] Failure while instantiating IDiscovery for Plugin={ServerPath="Printing-LocalPrinting-Replacement\APMonPortMig.dll", CLSID={4BC43F3F-308E-4DB9-B53B-7A31C5F9D5BD}, ThreadingModel=Apartment}. Error: 0x80070003
2020-11-09 11:12:15, Error                 [0x0808ff] COutOfProcPluginFactory::CreateInstance: m_currentHostSurrogate->LoadDllServer(D:\TeacherMigrationTool\USMT\amd64\ReplacementManifests\Printing-LocalPrinting-Replacement\UsbPortMig.dll, {658668ED-A031-4DDF-AF66-0F6A9BCCACD8}, 0) failed, hr=[0x80070003].
2020-11-09 11:12:15, Warning               [0x080386] Failure while instantiating IDiscovery for Plugin={ServerPath="Printing-LocalPrinting-Replacement\UsbPortMig.dll", CLSID={658668ED-A031-4DDF-AF66-0F6A9BCCACD8}, ThreadingModel=Apartment}. Error: 0x80070003
2020-11-09 11:12:15, Error                 [0x0808ff] COutOfProcPluginFactory::CreateInstance: m_currentHostSurrogate->LoadDllServer(D:\TeacherMigrationTool\USMT\amd64\ReplacementManifests\Printing-LocalPrinting-Replacement\APMonPortMig.dll, {4BC43F3F-308E-4DB9-B53B-7A31C5F9D5BD}, 0) failed, hr=[0x80070003].
2020-11-09 11:12:15, Warning               [0x080386] Failure while instantiating IDiscovery for Plugin={ServerPath="Printing-LocalPrinting-Replacement\APMonPortMig.dll", CLSID={4BC43F3F-308E-4DB9-B53B-7A31C5F9D5BD}, ThreadingModel=Apartment}. Error: 0x80070003
2020-11-09 11:12:15, Error                 [0x0808ff] COutOfProcPluginFactory::CreateInstance: m_currentHostSurrogate->LoadDllServer(D:\TeacherMigrationTool\USMT\amd64\ReplacementManifests\Printing-LocalPrinting-Replacement\UsbPortMig.dll, {658668ED-A031-4DDF-AF66-0F6A9BCCACD8}, 0) failed, hr=[0x80070003].
2020-11-09 11:12:15, Warning               [0x080386] Failure while instantiating IDiscovery for Plugin={ServerPath="Printing-LocalPrinting-Replacement\UsbPortMig.dll", CLSID={658668ED-A031-4DDF-AF66-0F6A9BCCACD8}, ThreadingModel=Apartment}. Error: 0x80070003
2020-11-09 11:12:16, Warning               [0x0803ea] Registry location HKCU\Software\Microsoft\TPG\HWRCustomization is considered invalid in the current context
2020-11-09 11:12:16, Warning               [0x0803ea] Registry location HKCU\Software\Microsoft\TPG\HWRCustomization is considered invalid in the current context
2020-11-09 11:12:16, Info                  [0x000000] Selecting migration units

2020-11-09 11:12:16, Info                  [0x000000] Gathering data

2020-11-09 11:12:16, Error                 [0x0808ff] COutOfProcPluginFactory::CreateInstance: m_currentHostSurrogate->LoadDllServer(D:\TeacherMigrationTool\USMT\amd64\ReplacementManifests\Printing-LocalPrinting-Replacement\APMonPortMig.dll, {4BC43F3F-308E-4DB9-B53B-7A31C5F9D5BD}, 0) failed, hr=[0x80070003].
2020-11-09 11:12:16, Warning               [0x080386] Failure while instantiating IPreGather for Plugin={ServerPath="Printing-LocalPrinting-Replacement\APMonPortMig.dll", CLSID={4BC43F3F-308E-4DB9-B53B-7A31C5F9D5BD}, ThreadingModel=Apartment}. Error: 0x80070003
2020-11-09 11:12:16, Error                 [0x0808ff] COutOfProcPluginFactory::CreateInstance: m_currentHostSurrogate->LoadDllServer(D:\TeacherMigrationTool\USMT\amd64\ReplacementManifests\Printing-LocalPrinting-Replacement\APMonPortMig.dll, {4BC43F3F-308E-4DB9-B53B-7A31C5F9D5BD}, 0) failed, hr=[0x80070003].
2020-11-09 11:12:16, Warning               [0x080386] Failure while instantiating IDiscovery for Plugin={ServerPath="Printing-LocalPrinting-Replacement\APMonPortMig.dll", CLSID={4BC43F3F-308E-4DB9-B53B-7A31C5F9D5BD}, ThreadingModel=Apartment}. Error: 0x80070003
2020-11-09 11:12:16, Error                 [0x0808ff] COutOfProcPluginFactory::CreateInstance: m_currentHostSurrogate->LoadDllServer(D:\TeacherMigrationTool\USMT\amd64\ReplacementManifests\Printing-LocalPrinting-Replacement\UsbPortMig.dll, {658668ED-A031-4DDF-AF66-0F6A9BCCACD8}, 0) failed, hr=[0x80070003].
2020-11-09 11:12:16, Warning               [0x080386] Failure while instantiating IPreGather for Plugin={ServerPath="Printing-LocalPrinting-Replacement\UsbPortMig.dll", CLSID={658668ED-A031-4DDF-AF66-0F6A9BCCACD8}, ThreadingModel=Apartment}. Error: 0x80070003
2020-11-09 11:12:16, Error                 [0x0808ff] COutOfProcPluginFactory::CreateInstance: m_currentHostSurrogate->LoadDllServer(D:\TeacherMigrationTool\USMT\amd64\ReplacementManifests\Printing-LocalPrinting-Replacement\UsbPortMig.dll, {658668ED-A031-4DDF-AF66-0F6A9BCCACD8}, 0) failed, hr=[0x80070003].
2020-11-09 11:12:16, Warning               [0x080386] Failure while instantiating IDiscovery for Plugin={ServerPath="Printing-LocalPrinting-Replacement\UsbPortMig.dll", CLSID={658668ED-A031-4DDF-AF66-0F6A9BCCACD8}, ThreadingModel=Apartment}. Error: 0x80070003
2020-11-09 11:12:17, Warning               [0x0803fd] Registry navigator can't access HKCU\SOFTWARE\Microsoft\SystemCertificates\Root\ProtectedRoots. Error: 5
2020-11-09 11:12:18, Error                 [0x0808ff] COutOfProcPluginFactory::CreateInstance: m_currentHostSurrogate->LoadDllServer(D:\TeacherMigrationTool\USMT\amd64\ReplacementManifests\Printing-LocalPrinting-Replacement\APMonPortMig.dll, {4BC43F3F-308E-4DB9-B53B-7A31C5F9D5BD}, 0) failed, hr=[0x80070003].
2020-11-09 11:12:18, Warning               [0x080386] Failure while instantiating IPostGather for Plugin={ServerPath="Printing-LocalPrinting-Replacement\APMonPortMig.dll", CLSID={4BC43F3F-308E-4DB9-B53B-7A31C5F9D5BD}, ThreadingModel=Apartment}. Error: 0x80070003
2020-11-09 11:12:18, Error                 [0x0808ff] COutOfProcPluginFactory::CreateInstance: m_currentHostSurrogate->LoadDllServer(D:\TeacherMigrationTool\USMT\amd64\ReplacementManifests\Printing-LocalPrinting-Replacement\UsbPortMig.dll, {658668ED-A031-4DDF-AF66-0F6A9BCCACD8}, 0) failed, hr=[0x80070003].
2020-11-09 11:12:18, Warning               [0x080386] Failure while instantiating IPostGather for Plugin={ServerPath="Printing-LocalPrinting-Replacement\UsbPortMig.dll", CLSID={658668ED-A031-4DDF-AF66-0F6A9BCCACD8}, ThreadingModel=Apartment}. Error: 0x80070003
2020-11-09 11:12:18, Error                 [0x0808ff] COutOfProcPluginFactory::CreateInstance: m_currentHostSurrogate->LoadDllServer(D:\TeacherMigrationTool\USMT\amd64\ReplacementManifests\Printing-LocalPrinting-Replacement\APMonPortMig.dll, {4BC43F3F-308E-4DB9-B53B-7A31C5F9D5BD}, 0) failed, hr=[0x80070003].
2020-11-09 11:12:18, Warning               [0x080386] Failure while instantiating IPostGather for Plugin={ServerPath="Printing-LocalPrinting-Replacement\APMonPortMig.dll", CLSID={4BC43F3F-308E-4DB9-B53B-7A31C5F9D5BD}, ThreadingModel=Apartment}. Error: 0x80070003
2020-11-09 11:12:18, Error                 [0x0808ff] COutOfProcPluginFactory::CreateInstance: m_currentHostSurrogate->LoadDllServer(D:\TeacherMigrationTool\USMT\amd64\ReplacementManifests\Printing-LocalPrinting-Replacement\UsbPortMig.dll, {658668ED-A031-4DDF-AF66-0F6A9BCCACD8}, 0) failed, hr=[0x80070003].
2020-11-09 11:12:18, Warning               [0x080386] Failure while instantiating IPostGather for Plugin={ServerPath="Printing-LocalPrinting-Replacement\UsbPortMig.dll", CLSID={658668ED-A031-4DDF-AF66-0F6A9BCCACD8}, ThreadingModel=Apartment}. Error: 0x80070003
2020-11-09 11:12:18, Error                 [0x0808ff] COutOfProcPluginFactory::CreateInstance: m_currentHostSurrogate->LoadDllServer(D:\TeacherMigrationTool\USMT\amd64\ReplacementManifests\Printing-LocalPrinting-Replacement\APMonPortMig.dll, {4BC43F3F-308E-4DB9-B53B-7A31C5F9D5BD}, 0) failed, hr=[0x80070003].
2020-11-09 11:12:18, Warning               [0x080386] Failure while instantiating IPreGather for Plugin={ServerPath="Printing-LocalPrinting-Replacement\APMonPortMig.dll", CLSID={4BC43F3F-308E-4DB9-B53B-7A31C5F9D5BD}, ThreadingModel=Apartment}. Error: 0x80070003
2020-11-09 11:12:18, Error                 [0x0808ff] COutOfProcPluginFactory::CreateInstance: m_currentHostSurrogate->LoadDllServer(D:\TeacherMigrationTool\USMT\amd64\ReplacementManifests\Printing-LocalPrinting-Replacement\APMonPortMig.dll, {4BC43F3F-308E-4DB9-B53B-7A31C5F9D5BD}, 0) failed, hr=[0x80070003].
2020-11-09 11:12:18, Warning               [0x080386] Failure while instantiating IDiscovery for Plugin={ServerPath="Printing-LocalPrinting-Replacement\APMonPortMig.dll", CLSID={4BC43F3F-308E-4DB9-B53B-7A31C5F9D5BD}, ThreadingModel=Apartment}. Error: 0x80070003
2020-11-09 11:12:18, Error                 [0x0808ff] COutOfProcPluginFactory::CreateInstance: m_currentHostSurrogate->LoadDllServer(D:\TeacherMigrationTool\USMT\amd64\ReplacementManifests\Printing-LocalPrinting-Replacement\UsbPortMig.dll, {658668ED-A031-4DDF-AF66-0F6A9BCCACD8}, 0) failed, hr=[0x80070003].
2020-11-09 11:12:18, Warning               [0x080386] Failure while instantiating IPreGather for Plugin={ServerPath="Printing-LocalPrinting-Replacement\UsbPortMig.dll", CLSID={658668ED-A031-4DDF-AF66-0F6A9BCCACD8}, ThreadingModel=Apartment}. Error: 0x80070003
2020-11-09 11:12:18, Error                 [0x0808ff] COutOfProcPluginFactory::CreateInstance: m_currentHostSurrogate->LoadDllServer(D:\TeacherMigrationTool\USMT\amd64\ReplacementManifests\Printing-LocalPrinting-Replacement\UsbPortMig.dll, {658668ED-A031-4DDF-AF66-0F6A9BCCACD8}, 0) failed, hr=[0x80070003].
2020-11-09 11:12:18, Warning               [0x080386] Failure while instantiating IDiscovery for Plugin={ServerPath="Printing-LocalPrinting-Replacement\UsbPortMig.dll", CLSID={658668ED-A031-4DDF-AF66-0F6A9BCCACD8}, ThreadingModel=Apartment}. Error: 0x80070003
2020-11-09 11:12:18, Warning               [0x080000] Object no longer found for HKCU\Control Panel\Desktop\MuiCached
2020-11-09 11:12:24, Warning               [0x0801fb] Perf warning: embedding large data stream in catalog entry (77174 bytes): HKCU\Software\Classes\Local Settings\Software\Microsoft\Windows\CurrentVersion\TrayNotify [PastIconsStream]
2020-11-09 11:12:24, Error                 [0x0808ff] COutOfProcPluginFactory::CreateInstance: m_currentHostSurrogate->LoadDllServer(D:\TeacherMigrationTool\USMT\amd64\ReplacementManifests\Printing-LocalPrinting-Replacement\APMonPortMig.dll, {4BC43F3F-308E-4DB9-B53B-7A31C5F9D5BD}, 0) failed, hr=[0x80070003].
2020-11-09 11:12:24, Warning               [0x080386] Failure while instantiating IPostGather for Plugin={ServerPath="Printing-LocalPrinting-Replacement\APMonPortMig.dll", CLSID={4BC43F3F-308E-4DB9-B53B-7A31C5F9D5BD}, ThreadingModel=Apartment}. Error: 0x80070003
2020-11-09 11:12:24, Error                 [0x0808ff] COutOfProcPluginFactory::CreateInstance: m_currentHostSurrogate->LoadDllServer(D:\TeacherMigrationTool\USMT\amd64\ReplacementManifests\Printing-LocalPrinting-Replacement\UsbPortMig.dll, {658668ED-A031-4DDF-AF66-0F6A9BCCACD8}, 0) failed, hr=[0x80070003].
2020-11-09 11:12:24, Warning               [0x080386] Failure while instantiating IPostGather for Plugin={ServerPath="Printing-LocalPrinting-Replacement\UsbPortMig.dll", CLSID={658668ED-A031-4DDF-AF66-0F6A9BCCACD8}, ThreadingModel=Apartment}. Error: 0x80070003
2020-11-09 11:12:24, Error                 [0x0808ff] COutOfProcPluginFactory::CreateInstance: m_currentHostSurrogate->LoadDllServer(D:\TeacherMigrationTool\USMT\amd64\ReplacementManifests\Printing-LocalPrinting-Replacement\APMonPortMig.dll, {4BC43F3F-308E-4DB9-B53B-7A31C5F9D5BD}, 0) failed, hr=[0x80070003].
2020-11-09 11:12:24, Warning               [0x080386] Failure while instantiating IPostGather for Plugin={ServerPath="Printing-LocalPrinting-Replacement\APMonPortMig.dll", CLSID={4BC43F3F-308E-4DB9-B53B-7A31C5F9D5BD}, ThreadingModel=Apartment}. Error: 0x80070003
2020-11-09 11:12:24, Error                 [0x0808ff] COutOfProcPluginFactory::CreateInstance: m_currentHostSurrogate->LoadDllServer(D:\TeacherMigrationTool\USMT\amd64\ReplacementManifests\Printing-LocalPrinting-Replacement\UsbPortMig.dll, {658668ED-A031-4DDF-AF66-0F6A9BCCACD8}, 0) failed, hr=[0x80070003].
2020-11-09 11:12:24, Warning               [0x080386] Failure while instantiating IPostGather for Plugin={ServerPath="Printing-LocalPrinting-Replacement\UsbPortMig.dll", CLSID={658668ED-A031-4DDF-AF66-0F6A9BCCACD8}, ThreadingModel=Apartment}. Error: 0x80070003
2020-11-09 11:12:24, Error                 [0x0808ff] COutOfProcPluginFactory::CreateInstance: m_currentHostSurrogate->LoadDllServer(D:\TeacherMigrationTool\USMT\amd64\ReplacementManifests\Printing-LocalPrinting-Replacement\APMonPortMig.dll, {4BC43F3F-308E-4DB9-B53B-7A31C5F9D5BD}, 0) failed, hr=[0x80070003].
2020-11-09 11:12:24, Warning               [0x080386] Failure while instantiating IPreGather for Plugin={ServerPath="Printing-LocalPrinting-Replacement\APMonPortMig.dll", CLSID={4BC43F3F-308E-4DB9-B53B-7A31C5F9D5BD}, ThreadingModel=Apartment}. Error: 0x80070003
2020-11-09 11:12:24, Error                 [0x0808ff] COutOfProcPluginFactory::CreateInstance: m_currentHostSurrogate->LoadDllServer(D:\TeacherMigrationTool\USMT\amd64\ReplacementManifests\Printing-LocalPrinting-Replacement\APMonPortMig.dll, {4BC43F3F-308E-4DB9-B53B-7A31C5F9D5BD}, 0) failed, hr=[0x80070003].
2020-11-09 11:12:24, Warning               [0x080386] Failure while instantiating IDiscovery for Plugin={ServerPath="Printing-LocalPrinting-Replacement\APMonPortMig.dll", CLSID={4BC43F3F-308E-4DB9-B53B-7A31C5F9D5BD}, ThreadingModel=Apartment}. Error: 0x80070003
2020-11-09 11:12:24, Error                 [0x0808ff] COutOfProcPluginFactory::CreateInstance: m_currentHostSurrogate->LoadDllServer(D:\TeacherMigrationTool\USMT\amd64\ReplacementManifests\Printing-LocalPrinting-Replacement\UsbPortMig.dll, {658668ED-A031-4DDF-AF66-0F6A9BCCACD8}, 0) failed, hr=[0x80070003].
2020-11-09 11:12:24, Warning               [0x080386] Failure while instantiating IPreGather for Plugin={ServerPath="Printing-LocalPrinting-Replacement\UsbPortMig.dll", CLSID={658668ED-A031-4DDF-AF66-0F6A9BCCACD8}, ThreadingModel=Apartment}. Error: 0x80070003
2020-11-09 11:12:24, Error                 [0x0808ff] COutOfProcPluginFactory::CreateInstance: m_currentHostSurrogate->LoadDllServer(D:\TeacherMigrationTool\USMT\amd64\ReplacementManifests\Printing-LocalPrinting-Replacement\UsbPortMig.dll, {658668ED-A031-4DDF-AF66-0F6A9BCCACD8}, 0) failed, hr=[0x80070003].
2020-11-09 11:12:24, Warning               [0x080386] Failure while instantiating IDiscovery for Plugin={ServerPath="Printing-LocalPrinting-Replacement\UsbPortMig.dll", CLSID={658668ED-A031-4DDF-AF66-0F6A9BCCACD8}, ThreadingModel=Apartment}. Error: 0x80070003
2020-11-09 11:12:24, Warning               [0x0803fd] Registry navigator can't access HKCU\SOFTWARE\Microsoft\SystemCertificates\Root\ProtectedRoots. Error: 5
2020-11-09 11:12:25, Error                 [0x0808ff] COutOfProcPluginFactory::CreateInstance: m_currentHostSurrogate->LoadDllServer(D:\TeacherMigrationTool\USMT\amd64\ReplacementManifests\Printing-LocalPrinting-Replacement\APMonPortMig.dll, {4BC43F3F-308E-4DB9-B53B-7A31C5F9D5BD}, 0) failed, hr=[0x80070003].
2020-11-09 11:12:25, Warning               [0x080386] Failure while instantiating IPostGather for Plugin={ServerPath="Printing-LocalPrinting-Replacement\APMonPortMig.dll", CLSID={4BC43F3F-308E-4DB9-B53B-7A31C5F9D5BD}, ThreadingModel=Apartment}. Error: 0x80070003
2020-11-09 11:12:25, Error                 [0x0808ff] COutOfProcPluginFactory::CreateInstance: m_currentHostSurrogate->LoadDllServer(D:\TeacherMigrationTool\USMT\amd64\ReplacementManifests\Printing-LocalPrinting-Replacement\UsbPortMig.dll, {658668ED-A031-4DDF-AF66-0F6A9BCCACD8}, 0) failed, hr=[0x80070003].
2020-11-09 11:12:25, Warning               [0x080386] Failure while instantiating IPostGather for Plugin={ServerPath="Printing-LocalPrinting-Replacement\UsbPortMig.dll", CLSID={658668ED-A031-4DDF-AF66-0F6A9BCCACD8}, ThreadingModel=Apartment}. Error: 0x80070003
2020-11-09 11:12:25, Error                 [0x0808ff] COutOfProcPluginFactory::CreateInstance: m_currentHostSurrogate->LoadDllServer(D:\TeacherMigrationTool\USMT\amd64\ReplacementManifests\Printing-LocalPrinting-Replacement\APMonPortMig.dll, {4BC43F3F-308E-4DB9-B53B-7A31C5F9D5BD}, 0) failed, hr=[0x80070003].
2020-11-09 11:12:25, Warning               [0x080386] Failure while instantiating IPostGather for Plugin={ServerPath="Printing-LocalPrinting-Replacement\APMonPortMig.dll", CLSID={4BC43F3F-308E-4DB9-B53B-7A31C5F9D5BD}, ThreadingModel=Apartment}. Error: 0x80070003
2020-11-09 11:12:25, Error                 [0x0808ff] COutOfProcPluginFactory::CreateInstance: m_currentHostSurrogate->LoadDllServer(D:\TeacherMigrationTool\USMT\amd64\ReplacementManifests\Printing-LocalPrinting-Replacement\UsbPortMig.dll, {658668ED-A031-4DDF-AF66-0F6A9BCCACD8}, 0) failed, hr=[0x80070003].
2020-11-09 11:12:25, Warning               [0x080386] Failure while instantiating IPostGather for Plugin={ServerPath="Printing-LocalPrinting-Replacement\UsbPortMig.dll", CLSID={658668ED-A031-4DDF-AF66-0F6A9BCCACD8}, ThreadingModel=Apartment}. Error: 0x80070003
2020-11-09 11:12:26, Error                 [0x0808ff] COutOfProcPluginFactory::CreateInstance: m_currentHostSurrogate->LoadDllServer(D:\TeacherMigrationTool\USMT\amd64\ReplacementManifests\Printing-LocalPrinting-Replacement\APMonPortMig.dll, {4BC43F3F-308E-4DB9-B53B-7A31C5F9D5BD}, 0) failed, hr=[0x80070003].
2020-11-09 11:12:26, Warning               [0x080386] Failure while instantiating IPreGather for Plugin={ServerPath="Printing-LocalPrinting-Replacement\APMonPortMig.dll", CLSID={4BC43F3F-308E-4DB9-B53B-7A31C5F9D5BD}, ThreadingModel=Apartment}. Error: 0x80070003
2020-11-09 11:12:26, Error                 [0x0808ff] COutOfProcPluginFactory::CreateInstance: m_currentHostSurrogate->LoadDllServer(D:\TeacherMigrationTool\USMT\amd64\ReplacementManifests\Printing-LocalPrinting-Replacement\APMonPortMig.dll, {4BC43F3F-308E-4DB9-B53B-7A31C5F9D5BD}, 0) failed, hr=[0x80070003].
2020-11-09 11:12:26, Warning               [0x080386] Failure while instantiating IDiscovery for Plugin={ServerPath="Printing-LocalPrinting-Replacement\APMonPortMig.dll", CLSID={4BC43F3F-308E-4DB9-B53B-7A31C5F9D5BD}, ThreadingModel=Apartment}. Error: 0x80070003
2020-11-09 11:12:26, Error                 [0x0808ff] COutOfProcPluginFactory::CreateInstance: m_currentHostSurrogate->LoadDllServer(D:\TeacherMigrationTool\USMT\amd64\ReplacementManifests\Printing-LocalPrinting-Replacement\UsbPortMig.dll, {658668ED-A031-4DDF-AF66-0F6A9BCCACD8}, 0) failed, hr=[0x80070003].
2020-11-09 11:12:26, Warning               [0x080386] Failure while instantiating IPreGather for Plugin={ServerPath="Printing-LocalPrinting-Replacement\UsbPortMig.dll", CLSID={658668ED-A031-4DDF-AF66-0F6A9BCCACD8}, ThreadingModel=Apartment}. Error: 0x80070003
2020-11-09 11:12:26, Error                 [0x0808ff] COutOfProcPluginFactory::CreateInstance: m_currentHostSurrogate->LoadDllServer(D:\TeacherMigrationTool\USMT\amd64\ReplacementManifests\Printing-LocalPrinting-Replacement\UsbPortMig.dll, {658668ED-A031-4DDF-AF66-0F6A9BCCACD8}, 0) failed, hr=[0x80070003].
2020-11-09 11:12:26, Warning               [0x080386] Failure while instantiating IDiscovery for Plugin={ServerPath="Printing-LocalPrinting-Replacement\UsbPortMig.dll", CLSID={658668ED-A031-4DDF-AF66-0F6A9BCCACD8}, ThreadingModel=Apartment}. Error: 0x80070003
2020-11-09 11:12:26, Warning               [0x0803fd] Registry navigator can't access HKCU\SOFTWARE\Microsoft\SystemCertificates\Root\ProtectedRoots. Error: 5
2020-11-09 11:12:27, Error                 [0x0808ff] COutOfProcPluginFactory::CreateInstance: m_currentHostSurrogate->LoadDllServer(D:\TeacherMigrationTool\USMT\amd64\ReplacementManifests\Printing-LocalPrinting-Replacement\APMonPortMig.dll, {4BC43F3F-308E-4DB9-B53B-7A31C5F9D5BD}, 0) failed, hr=[0x80070003].
2020-11-09 11:12:27, Warning               [0x080386] Failure while instantiating IPostGather for Plugin={ServerPath="Printing-LocalPrinting-Replacement\APMonPortMig.dll", CLSID={4BC43F3F-308E-4DB9-B53B-7A31C5F9D5BD}, ThreadingModel=Apartment}. Error: 0x80070003
2020-11-09 11:12:27, Error                 [0x0808ff] COutOfProcPluginFactory::CreateInstance: m_currentHostSurrogate->LoadDllServer(D:\TeacherMigrationTool\USMT\amd64\ReplacementManifests\Printing-LocalPrinting-Replacement\UsbPortMig.dll, {658668ED-A031-4DDF-AF66-0F6A9BCCACD8}, 0) failed, hr=[0x80070003].
2020-11-09 11:12:27, Warning               [0x080386] Failure while instantiating IPostGather for Plugin={ServerPath="Printing-LocalPrinting-Replacement\UsbPortMig.dll", CLSID={658668ED-A031-4DDF-AF66-0F6A9BCCACD8}, ThreadingModel=Apartment}. Error: 0x80070003
2020-11-09 11:12:27, Error                 [0x0808ff] COutOfProcPluginFactory::CreateInstance: m_currentHostSurrogate->LoadDllServer(D:\TeacherMigrationTool\USMT\amd64\ReplacementManifests\Printing-LocalPrinting-Replacement\APMonPortMig.dll, {4BC43F3F-308E-4DB9-B53B-7A31C5F9D5BD}, 0) failed, hr=[0x80070003].
2020-11-09 11:12:27, Warning               [0x080386] Failure while instantiating IPostGather for Plugin={ServerPath="Printing-LocalPrinting-Replacement\APMonPortMig.dll", CLSID={4BC43F3F-308E-4DB9-B53B-7A31C5F9D5BD}, ThreadingModel=Apartment}. Error: 0x80070003
2020-11-09 11:12:27, Error                 [0x0808ff] COutOfProcPluginFactory::CreateInstance: m_currentHostSurrogate->LoadDllServer(D:\TeacherMigrationTool\USMT\amd64\ReplacementManifests\Printing-LocalPrinting-Replacement\UsbPortMig.dll, {658668ED-A031-4DDF-AF66-0F6A9BCCACD8}, 0) failed, hr=[0x80070003].
2020-11-09 11:12:27, Warning               [0x080386] Failure while instantiating IPostGather for Plugin={ServerPath="Printing-LocalPrinting-Replacement\UsbPortMig.dll", CLSID={658668ED-A031-4DDF-AF66-0F6A9BCCACD8}, ThreadingModel=Apartment}. Error: 0x80070003
2020-11-09 11:12:27, Warning               [0x080000] No implementation of IPreGather->PreGather found for Plugin={ServerPath="%windir%\system32\setup\cmmigr.dll", CLSID={22e5fca2-9c7c-4239-8aed-4d0623f532d8}, ThreadingModel=Apartment}
2020-11-09 11:12:27, Warning               [0x080000] No implementation of IPreGather->PreGather found for Plugin={ServerPath="%windir%\system32\setup\pbkmigr.dll", CLSID={92c85649-0892-4bc7-9b63-949f64149a26}, ThreadingModel=Apartment}
2020-11-09 11:12:27, Warning               [0x080000] No implementation of IPreGather->PreGather found for Plugin={ServerPath="%SYSTEM32%\TapiMigPlugin.dll", CLSID={cf3b7cbe-c86a-4561-93a8-30e8036170a3}, ThreadingModel=Apartment}
2020-11-09 11:12:27, Warning               [0x0808fe] Plugin {0b23c863-4410-4153-8733-a60c9b1990fb}: CImeMigUtil::GetUserSid() : user sid is NULL.
2020-11-09 11:12:27, Warning               [0x080000] No implementation of IPreGather->PreGather found for Plugin={ServerPath="%systemroot%\system32\migration\shmig.dll", CLSID={050ed09e-a530-41e6-8ac9-a9a96e74a2c1}, ThreadingModel=Apartment}
2020-11-09 11:12:27, Warning               [0x080000] No implementation of IPreGather->PreGather found for Plugin={ServerPath="%SYSTEM32%\iemigplugin.dll", CLSID={1EE0269F-1C29-43DD-A8EB-6FA3E83FACD2}, ThreadingModel=Apartment}
2020-11-09 11:12:27, Error                 [0x0808ff] COutOfProcPluginFactory::CreateInstance: m_currentHostSurrogate->LoadDllServer(D:\TeacherMigrationTool\USMT\amd64\ReplacementManifests\Printing-LocalPrinting-Replacement\APMonPortMig.dll, {4BC43F3F-308E-4DB9-B53B-7A31C5F9D5BD}, 0) failed, hr=[0x80070003].
2020-11-09 11:12:27, Warning               [0x080386] Failure while instantiating IPreGather for Plugin={ServerPath="Printing-LocalPrinting-Replacement\APMonPortMig.dll", CLSID={4BC43F3F-308E-4DB9-B53B-7A31C5F9D5BD}, ThreadingModel=Apartment}. Error: 0x80070003
2020-11-09 11:12:27, Error                 [0x08038b] Failure while calling IPreGather->PreGather for Plugin={ServerPath="Printing-LocalPrinting-Replacement\APMonPortMig.dll", CLSID={4BC43F3F-308E-4DB9-B53B-7A31C5F9D5BD}, ThreadingModel=Apartment}. Error: 0x80070003
2020-11-09 11:12:27, Error                 [0x0808ff] COutOfProcPluginFactory::CreateInstance: m_currentHostSurrogate->LoadDllServer(D:\TeacherMigrationTool\USMT\amd64\ReplacementManifests\Printing-LocalPrinting-Replacement\APMonPortMig.dll, {4BC43F3F-308E-4DB9-B53B-7A31C5F9D5BD}, 0) failed, hr=[0x80070003].
2020-11-09 11:12:27, Warning               [0x080386] Failure while instantiating IDiscovery for Plugin={ServerPath="Printing-LocalPrinting-Replacement\APMonPortMig.dll", CLSID={4BC43F3F-308E-4DB9-B53B-7A31C5F9D5BD}, ThreadingModel=Apartment}. Error: 0x80070003
2020-11-09 11:12:27, Error                 [0x080389] Failure while calling IDiscovery->Gather for Plugin={ServerPath="Printing-LocalPrinting-Replacement\APMonPortMig.dll", CLSID={4BC43F3F-308E-4DB9-B53B-7A31C5F9D5BD}, ThreadingModel=Apartment}. Error: 0x80070003
2020-11-09 11:12:27, Error                 [0x0808ff] COutOfProcPluginFactory::CreateInstance: m_currentHostSurrogate->LoadDllServer(D:\TeacherMigrationTool\USMT\amd64\ReplacementManifests\Printing-LocalPrinting-Replacement\UsbPortMig.dll, {658668ED-A031-4DDF-AF66-0F6A9BCCACD8}, 0) failed, hr=[0x80070003].
2020-11-09 11:12:27, Warning               [0x080386] Failure while instantiating IPreGather for Plugin={ServerPath="Printing-LocalPrinting-Replacement\UsbPortMig.dll", CLSID={658668ED-A031-4DDF-AF66-0F6A9BCCACD8}, ThreadingModel=Apartment}. Error: 0x80070003
2020-11-09 11:12:27, Error                 [0x08038b] Failure while calling IPreGather->PreGather for Plugin={ServerPath="Printing-LocalPrinting-Replacement\UsbPortMig.dll", CLSID={658668ED-A031-4DDF-AF66-0F6A9BCCACD8}, ThreadingModel=Apartment}. Error: 0x80070003
2020-11-09 11:12:27, Error                 [0x0808ff] COutOfProcPluginFactory::CreateInstance: m_currentHostSurrogate->LoadDllServer(D:\TeacherMigrationTool\USMT\amd64\ReplacementManifests\Printing-LocalPrinting-Replacement\UsbPortMig.dll, {658668ED-A031-4DDF-AF66-0F6A9BCCACD8}, 0) failed, hr=[0x80070003].
2020-11-09 11:12:27, Warning               [0x080386] Failure while instantiating IDiscovery for Plugin={ServerPath="Printing-LocalPrinting-Replacement\UsbPortMig.dll", CLSID={658668ED-A031-4DDF-AF66-0F6A9BCCACD8}, ThreadingModel=Apartment}. Error: 0x80070003
2020-11-09 11:12:27, Error                 [0x080389] Failure while calling IDiscovery->Gather for Plugin={ServerPath="Printing-LocalPrinting-Replacement\UsbPortMig.dll", CLSID={658668ED-A031-4DDF-AF66-0F6A9BCCACD8}, ThreadingModel=Apartment}. Error: 0x80070003
2020-11-09 11:13:20, Info                  [0x000000] Ctrl+C: Exiting[gle=0x00000057]
2020-11-09 11:13:20, Info                  [0x000000] Tool canceled with Ctrl+C[gle=0x000004c7]
2020-11-09 11:13:21, Error                 [0x080000] Mig::CLibTransport::StoreObject: Failed to store object for File\C:\ProgramData\Microsoft\Windows Defender\Platform\4.18.2009.7-0\NisSrv.exe. Error: 0x000004C7: Win32Exception: The operation was canceled by the user. [0x000004C7] void __cdecl Mig::CLibrarian::AddObject(class UnBCL::Stream *,class UnBCL::String *,struct ILocalProgress *,__int64 *)
2020-11-09 11:13:21, Error                 [0x000000] Write error 1223 for C:\ProgramData\Microsoft\Windows Defender\Platform\4.18.2009.7-0 [NisSrv.exe]. Windows error 1223 description: The operation was canceled by the user.
2020-11-09 11:13:21, Error                 [0x000000] Write error 1223 for C:\ProgramData\Microsoft\Windows Defender\Platform\4.18.2009.7-0 [NisSrv.exe]. Windows error 1223 description: The operation was canceled by the user.
2020-11-09 11:13:21, Error                 [0x080000] Error 1223 while gathering object C:\ProgramData\Microsoft\Windows Defender\Platform\4.18.2009.7-0 [NisSrv.exe]. Shell application requested abort!
2020-11-09 11:13:21, Warning               [0x080000] No implementation of IPostGather->PostGather found for Plugin={ServerPath="%windir%\system32\setup\cmmigr.dll", CLSID={22e5fca2-9c7c-4239-8aed-4d0623f532d8}, ThreadingModel=Apartment}
2020-11-09 11:13:21, Warning               [0x080000] No implementation of IPostGather->PostGather found for Plugin={ServerPath="%windir%\system32\setup\pbkmigr.dll", CLSID={92c85649-0892-4bc7-9b63-949f64149a26}, ThreadingModel=Apartment}
2020-11-09 11:13:21, Warning               [0x080000] No implementation of IPostGather->PostGather found for Plugin={ServerPath="%SYSTEM32%\TapiMigPlugin.dll", CLSID={cf3b7cbe-c86a-4561-93a8-30e8036170a3}, ThreadingModel=Apartment}
2020-11-09 11:13:21, Warning               [0x080000] No implementation of IPostGather->PostGather found for Plugin={ServerPath="%systemroot%\system32\migration\shmig.dll", CLSID={050ed09e-a530-41e6-8ac9-a9a96e74a2c1}, ThreadingModel=Apartment}
2020-11-09 11:13:21, Warning               [0x080000] No implementation of IPostGather->PostGather found for Plugin={ServerPath="%SYSTEM32%\iemigplugin.dll", CLSID={1EE0269F-1C29-43DD-A8EB-6FA3E83FACD2}, ThreadingModel=Apartment}
2020-11-09 11:13:21, Error                 [0x0808ff] COutOfProcPluginFactory::CreateInstance: m_currentHostSurrogate->LoadDllServer(D:\TeacherMigrationTool\USMT\amd64\ReplacementManifests\Printing-LocalPrinting-Replacement\APMonPortMig.dll, {4BC43F3F-308E-4DB9-B53B-7A31C5F9D5BD}, 0) failed, hr=[0x80070003].
2020-11-09 11:13:21, Warning               [0x080386] Failure while instantiating IPostGather for Plugin={ServerPath="Printing-LocalPrinting-Replacement\APMonPortMig.dll", CLSID={4BC43F3F-308E-4DB9-B53B-7A31C5F9D5BD}, ThreadingModel=Apartment}. Error: 0x80070003
2020-11-09 11:13:21, Error                 [0x080390] Failure while calling IPostGather->PostGather for Plugin={ServerPath="Printing-LocalPrinting-Replacement\APMonPortMig.dll", CLSID={4BC43F3F-308E-4DB9-B53B-7A31C5F9D5BD}, ThreadingModel=Apartment}. Error: 0x80070003
2020-11-09 11:13:21, Error                 [0x0808ff] COutOfProcPluginFactory::CreateInstance: m_currentHostSurrogate->LoadDllServer(D:\TeacherMigrationTool\USMT\amd64\ReplacementManifests\Printing-LocalPrinting-Replacement\UsbPortMig.dll, {658668ED-A031-4DDF-AF66-0F6A9BCCACD8}, 0) failed, hr=[0x80070003].
2020-11-09 11:13:21, Warning               [0x080386] Failure while instantiating IPostGather for Plugin={ServerPath="Printing-LocalPrinting-Replacement\UsbPortMig.dll", CLSID={658668ED-A031-4DDF-AF66-0F6A9BCCACD8}, ThreadingModel=Apartment}. Error: 0x80070003
2020-11-09 11:13:21, Error                 [0x080390] Failure while calling IPostGather->PostGather for Plugin={ServerPath="Printing-LocalPrinting-Replacement\UsbPortMig.dll", CLSID={658668ED-A031-4DDF-AF66-0F6A9BCCACD8}, ThreadingModel=Apartment}. Error: 0x80070003
2020-11-09 11:13:21, Error                 [0x000000] Gather failed. Last error: 0x00000000
2020-11-09 11:13:21, Info                  [0x000000] Canceled due to an I/O error.[gle=0x00000091]
2020-11-09 11:13:35, Info                  [0x000000] USMT Completed at 2020/11/09:11:13:35.181[gle=0x00000002]
2020-11-09 11:13:35, Info                  [0x000000] ----------------------------------- USMT ERROR SUMMARY -----------------------------------
2020-11-09 11:13:35, Info                  [0x000000] * One or more errors were encountered in migration (ordered by first occurence)
2020-11-09 11:13:35, Info                  [0x000000] +-----------------------------------------------------------------------------------------
2020-11-09 11:13:35, Info                  [0x000000] |    Error Code | Caused Abort | Recurrence | First Occurence      
2020-11-09 11:13:35, Info                  [0x000000] | ==>      1223 |          Yes |          1 | Write error 1223 for C:\ProgramData\Microsoft\Windows Defender\Platform\4.18.2009.7-0 [NisSrv.exe]. Windows error 1223 description: The operation was canceled by the user.
2020-11-09 11:13:35, Info                  [0x000000] +-----------------------------------------------------------------------------------------
2020-11-09 11:13:35, Info                  [0x000000] |          Tips | Error 1223 can be ignored using /c
2020-11-09 11:13:35, Info                  [0x000000] +-----------------------------------------------------------------------------------------
